<?xml version="1.0" encoding="UTF-8"?>
<!-- Generated by org.testng.reporters.JUnitReportReporter -->
<testsuite hostname="LTIN678687" failures="0" tests="2" name="com.selenium.testng.Test1" time="5.596" errors="0" timestamp="2025-10-16T11:12:56 IST" skipped="0">
  <testcase classname="com.selenium.testng.Test1" name="login" time="2.726"/>
  <testcase classname="com.selenium.testng.Test1" name="checkPage" time="2.870"/>
</testsuite> <!-- com.selenium.testng.Test1 -->
